<?xml version="1.0" encoding="UTF-8"?>
<testsuite name="IsUniqueTest" tests="1" skipped="0" failures="0" errors="0" timestamp="2015-11-30T22:37:28" hostname="Ians-MacBook-Pro.local" time="0.003">
  <properties/>
  <testcase name="uniqueString" classname="IsUniqueTest" time="0.003"/>
  <system-out><![CDATA[]]></system-out>
  <system-err><![CDATA[]]></system-err>
</testsuite>
